\BOOKMARK [1][-]{section.1}{\376\377\230\230\166\356}{}% 1
\BOOKMARK [1][-]{section.2}{\376\377\144\130\211\201}{}% 2
\BOOKMARK [1][-]{section.3}{\376\377\225\356\230\230\143\317\217\360}{}% 3
\BOOKMARK [1][-]{section.4}{\376\377\152\041\127\213\136\372\172\313\217\307\172\013}{}% 4
\BOOKMARK [1][-]{section.5}{\376\377\152\041\127\213\154\102\211\343\217\307\172\013}{}% 5
\BOOKMARK [2][-]{subsection.5.1}{\376\377\165\037\142\020\155\113\213\325\226\306\124\214\213\255\176\303\226\306}{section.5}% 6
\BOOKMARK [3][-]{subsubsection.5.1.1}{\376\377\155\113\213\325\226\306}{subsection.5.1}% 7
\BOOKMARK [3][-]{subsubsection.5.1.2}{\376\377\213\255\176\303\226\306}{subsection.5.1}% 8
\BOOKMARK [2][-]{subsection.5.2}{\376\377\170\156\133\232\177\121\176\334\147\266\147\204}{section.5}% 9
\BOOKMARK [2][-]{subsection.5.3}{\376\377\133\236\163\260\177\121\176\334\116\073\117\123\136\166\217\333\210\114\213\255\176\303}{section.5}% 10
\BOOKMARK [3][-]{subsubsection.5.3.1}{\376\377\122\115\124\021\117\040\144\255}{subsection.5.3}% 11
\BOOKMARK [3][-]{subsubsection.5.3.2}{\376\377\124\016\124\021\117\040\144\255}{subsection.5.3}% 12
\BOOKMARK [2][-]{subsection.5.4}{\376\377\117\030\123\026\215\205\123\302\145\160}{section.5}% 13
\BOOKMARK [2][-]{subsection.5.5}{\376\377\155\113\213\325\145\160\143\156}{section.5}% 14
\BOOKMARK [1][-]{section.6}{\376\377\116\343\170\001\133\236\163\260}{}% 15
\BOOKMARK [2][-]{subsection.6.1}{\376\377\145\207\116\366\230\204\131\004\164\006}{section.6}% 16
\BOOKMARK [2][-]{subsection.6.2}{\376\377\165\037\142\020\213\255\176\303\226\306}{section.6}% 17
\BOOKMARK [2][-]{subsection.6.3}{\376\377\165\037\142\020\155\113\213\325\226\306}{section.6}% 18
\BOOKMARK [2][-]{subsection.6.4}{\376\377\213\255\176\303\171\136\176\317\177\121\176\334}{section.6}% 19
\BOOKMARK [2][-]{subsection.6.5}{\376\377\155\113\213\325\171\136\176\317\177\121\176\334}{section.6}% 20
\BOOKMARK [1][-]{section.7}{\376\377\176\323\147\234\116\016\122\006\147\220}{}% 21
\BOOKMARK [2][-]{subsection.7.1}{\376\377\213\255\176\303\176\323\147\234}{section.7}% 22
\BOOKMARK [2][-]{subsection.7.2}{\376\377\155\113\213\325\176\323\147\234}{section.7}% 23
\BOOKMARK [1][-]{section.8}{\376\377\123\302\200\003\145\207\163\056}{}% 24
